<?xml version="1.0" encoding="UTF-8"?>
<coverage generated="1684787025790" clover="3.2.0">
  <project timestamp="1684787025790" name="All files">
    <metrics statements="44" coveredstatements="42" conditionals="22" coveredconditionals="20" methods="15" coveredmethods="15" elements="81" coveredelements="77" complexity="0" loc="44" ncloc="44" packages="2" files="2" classes="2"/>
    <package name="game">
      <metrics statements="30" coveredstatements="28" conditionals="12" coveredconditionals="10" methods="5" coveredmethods="5"/>
      <file name="index.ts" path="/Users/paulhartman/Documents/repos/kata/Bowling/game/index.ts">
        <metrics statements="30" coveredstatements="28" conditionals="12" coveredconditionals="10" methods="5" coveredmethods="5"/>
        <line num="4" count="7" type="stmt"/>
        <line num="5" count="7" type="stmt"/>
        <line num="6" count="70" type="cond" truecount="2" falsecount="0"/>
        <line num="7" count="13" type="stmt"/>
        <line num="9" count="57" type="stmt"/>
        <line num="12" count="6" type="stmt"/>
        <line num="16" count="9" type="stmt"/>
        <line num="17" count="9" type="stmt"/>
        <line num="20" count="68" type="cond" truecount="2" falsecount="0"/>
        <line num="21" count="24" type="stmt"/>
        <line num="22" count="24" type="stmt"/>
        <line num="23" count="24" type="stmt"/>
        <line num="28" count="24" type="stmt"/>
        <line num="29" count="97" type="stmt"/>
        <line num="30" count="97" type="cond" truecount="2" falsecount="0"/>
        <line num="31" count="47" type="stmt"/>
        <line num="32" count="50" type="cond" truecount="2" falsecount="0"/>
        <line num="33" count="28" type="stmt"/>
        <line num="35" count="28" type="cond" truecount="1" falsecount="1"/>
        <line num="36" count="28" type="stmt"/>
        <line num="39" count="0" type="stmt"/>
        <line num="42" count="0" type="stmt"/>
        <line num="44" count="22" type="cond" truecount="1" falsecount="1"/>
        <line num="45" count="22" type="stmt"/>
        <line num="50" count="68" type="stmt"/>
        <line num="51" count="68" type="stmt"/>
        <line num="55" count="9" type="stmt"/>
        <line num="56" count="9" type="stmt"/>
        <line num="57" count="90" type="stmt"/>
        <line num="59" count="9" type="stmt"/>
      </file>
    </package>
    <package name="game.Frame">
      <metrics statements="14" coveredstatements="14" conditionals="10" coveredconditionals="10" methods="10" coveredmethods="10"/>
      <file name="index.ts" path="/Users/paulhartman/Documents/repos/kata/Bowling/game/Frame/index.ts">
        <metrics statements="14" coveredstatements="14" conditionals="10" coveredconditionals="10" methods="10" coveredmethods="10"/>
        <line num="5" count="81" type="cond" truecount="2" falsecount="0"/>
        <line num="6" count="62" type="cond" truecount="2" falsecount="0"/>
        <line num="9" count="81" type="cond" truecount="2" falsecount="0"/>
        <line num="13" count="82" type="cond" truecount="2" falsecount="0"/>
        <line num="16" count="178" type="stmt"/>
        <line num="20" count="82" type="stmt"/>
        <line num="21" count="81" type="stmt"/>
        <line num="22" count="81" type="stmt"/>
        <line num="26" count="95" type="cond" truecount="2" falsecount="0"/>
        <line num="30" count="486" type="stmt"/>
        <line num="31" count="486" type="stmt"/>
        <line num="36" count="98" type="stmt"/>
        <line num="37" count="98" type="stmt"/>
        <line num="38" count="98" type="stmt"/>
      </file>
    </package>
  </project>
</coverage>
