{"/Users/paulhartman/Documents/repos/kata/Bowling/game/index.ts": {"path":"/Users/paulhartman/Documents/repos/kata/Bowling/game/index.ts","statementMap":{"0":{"start":{"line":4,"column":16},"end":{"line":4,"column":17}},"1":{"start":{"line":5,"column":4},"end":{"line":11,"column":5}},"2":{"start":{"line":5,"column":17},"end":{"line":5,"column":18}},"3":{"start":{"line":6,"column":6},"end":{"line":10,"column":7}},"4":{"start":{"line":7,"column":8},"end":{"line":7,"column":69}},"5":{"start":{"line":9,"column":8},"end":{"line":9,"column":40}},"6":{"start":{"line":12,"column":4},"end":{"line":12,"column":17}},"7":{"start":{"line":16,"column":31},"end":{"line":16,"column":32}},"8":{"start":{"line":17,"column":34},"end":{"line":17,"column":55}},"9":{"start":{"line":20,"column":4},"end":{"line":24,"column":5}},"10":{"start":{"line":21,"column":6},"end":{"line":21,"column":67}},"11":{"start":{"line":22,"column":6},"end":{"line":22,"column":55}},"12":{"start":{"line":23,"column":6},"end":{"line":23,"column":28}},"13":{"start":{"line":28,"column":4},"end":{"line":47,"column":5}},"14":{"start":{"line":28,"column":21},"end":{"line":28,"column":22}},"15":{"start":{"line":29,"column":18},"end":{"line":29,"column":36}},"16":{"start":{"line":30,"column":6},"end":{"line":46,"column":7}},"17":{"start":{"line":31,"column":8},"end":{"line":31,"column":37}},"18":{"start":{"line":32,"column":13},"end":{"line":46,"column":7}},"19":{"start":{"line":33,"column":8},"end":{"line":43,"column":9}},"20":{"start":{"line":35,"column":10},"end":{"line":40,"column":11}},"21":{"start":{"line":36,"column":12},"end":{"line":36,"column":73}},"22":{"start":{"line":39,"column":12},"end":{"line":39,"column":75}},"23":{"start":{"line":42,"column":10},"end":{"line":42,"column":39}},"24":{"start":{"line":44,"column":13},"end":{"line":46,"column":7}},"25":{"start":{"line":45,"column":8},"end":{"line":45,"column":37}},"26":{"start":{"line":50,"column":4},"end":{"line":50,"column":20}},"27":{"start":{"line":51,"column":4},"end":{"line":51,"column":39}},"28":{"start":{"line":55,"column":4},"end":{"line":55,"column":39}},"29":{"start":{"line":56,"column":4},"end":{"line":58,"column":5}},"30":{"start":{"line":56,"column":17},"end":{"line":56,"column":18}},"31":{"start":{"line":57,"column":6},"end":{"line":57,"column":35}},"32":{"start":{"line":59,"column":4},"end":{"line":59,"column":39}}},"fnMap":{"0":{"name":"(anonymous_0)","decl":{"start":{"line":3,"column":2},"end":{"line":3,"column":3}},"loc":{"start":{"line":3,"column":18},"end":{"line":13,"column":3}},"line":3},"1":{"name":"(anonymous_1)","decl":{"start":{"line":19,"column":2},"end":{"line":19,"column":3}},"loc":{"start":{"line":19,"column":13},"end":{"line":25,"column":3}},"line":19},"2":{"name":"(anonymous_2)","decl":{"start":{"line":27,"column":2},"end":{"line":27,"column":3}},"loc":{"start":{"line":27,"column":27},"end":{"line":48,"column":3}},"line":27},"3":{"name":"(anonymous_3)","decl":{"start":{"line":49,"column":2},"end":{"line":49,"column":3}},"loc":{"start":{"line":49,"column":27},"end":{"line":52,"column":3}},"line":49},"4":{"name":"(anonymous_4)","decl":{"start":{"line":54,"column":2},"end":{"line":54,"column":3}},"loc":{"start":{"line":54,"column":16},"end":{"line":60,"column":3}},"line":54}},"branchMap":{"0":{"loc":{"start":{"line":6,"column":6},"end":{"line":10,"column":7}},"type":"if","locations":[{"start":{"line":6,"column":6},"end":{"line":10,"column":7}},{"start":{"line":8,"column":13},"end":{"line":10,"column":7}}],"line":6},"1":{"loc":{"start":{"line":20,"column":4},"end":{"line":24,"column":5}},"type":"if","locations":[{"start":{"line":20,"column":4},"end":{"line":24,"column":5}},{"start":{},"end":{}}],"line":20},"2":{"loc":{"start":{"line":30,"column":6},"end":{"line":46,"column":7}},"type":"if","locations":[{"start":{"line":30,"column":6},"end":{"line":46,"column":7}},{"start":{"line":32,"column":13},"end":{"line":46,"column":7}}],"line":30},"3":{"loc":{"start":{"line":32,"column":13},"end":{"line":46,"column":7}},"type":"if","locations":[{"start":{"line":32,"column":13},"end":{"line":46,"column":7}},{"start":{"line":44,"column":13},"end":{"line":46,"column":7}}],"line":32},"4":{"loc":{"start":{"line":35,"column":10},"end":{"line":40,"column":11}},"type":"if","locations":[{"start":{"line":35,"column":10},"end":{"line":40,"column":11}},{"start":{"line":37,"column":17},"end":{"line":40,"column":11}}],"line":35},"5":{"loc":{"start":{"line":44,"column":13},"end":{"line":46,"column":7}},"type":"if","locations":[{"start":{"line":44,"column":13},"end":{"line":46,"column":7}},{"start":{},"end":{}}],"line":44}},"s":{"0":7,"1":7,"2":7,"3":70,"4":13,"5":57,"6":6,"7":9,"8":9,"9":68,"10":24,"11":24,"12":24,"13":24,"14":24,"15":97,"16":97,"17":47,"18":50,"19":28,"20":28,"21":28,"22":0,"23":0,"24":22,"25":22,"26":68,"27":68,"28":9,"29":9,"30":9,"31":90,"32":9},"f":{"0":7,"1":68,"2":24,"3":68,"4":9},"b":{"0":[13,57],"1":[24,44],"2":[47,50],"3":[28,22],"4":[28,0],"5":[22,0]},"_coverageSchema":"1a1c01bbd47fc00a2c39e90264f33305004495a9","hash":"8f99aea117233408602a2a5b27893b5d8044b370"}
,"/Users/paulhartman/Documents/repos/kata/Bowling/game/Frame/index.ts": {"path":"/Users/paulhartman/Documents/repos/kata/Bowling/game/Frame/index.ts","statementMap":{"0":{"start":{"line":5,"column":4},"end":{"line":6,"column":55}},"1":{"start":{"line":5,"column":25},"end":{"line":5,"column":47}},"2":{"start":{"line":6,"column":9},"end":{"line":6,"column":55}},"3":{"start":{"line":6,"column":34},"end":{"line":6,"column":55}},"4":{"start":{"line":9,"column":4},"end":{"line":9,"column":68}},"5":{"start":{"line":13,"column":4},"end":{"line":13,"column":67}},"6":{"start":{"line":13,"column":35},"end":{"line":13,"column":67}},"7":{"start":{"line":16,"column":4},"end":{"line":16,"column":32}},"8":{"start":{"line":20,"column":4},"end":{"line":20,"column":28}},"9":{"start":{"line":21,"column":4},"end":{"line":21,"column":24}},"10":{"start":{"line":22,"column":4},"end":{"line":22,"column":20}},"11":{"start":{"line":26,"column":4},"end":{"line":26,"column":53}},"12":{"start":{"line":30,"column":14},"end":{"line":30,"column":51}},"13":{"start":{"line":30,"column":42},"end":{"line":30,"column":47}},"14":{"start":{"line":31,"column":4},"end":{"line":31,"column":49}},"15":{"start":{"line":31,"column":39},"end":{"line":31,"column":44}},"16":{"start":{"line":36,"column":4},"end":{"line":36,"column":41}},"17":{"start":{"line":37,"column":4},"end":{"line":37,"column":24}},"18":{"start":{"line":38,"column":4},"end":{"line":38,"column":22}}},"fnMap":{"0":{"name":"(anonymous_0)","decl":{"start":{"line":4,"column":2},"end":{"line":4,"column":3}},"loc":{"start":{"line":4,"column":21},"end":{"line":7,"column":3}},"line":4},"1":{"name":"(anonymous_1)","decl":{"start":{"line":8,"column":2},"end":{"line":8,"column":3}},"loc":{"start":{"line":8,"column":25},"end":{"line":10,"column":3}},"line":8},"2":{"name":"(anonymous_2)","decl":{"start":{"line":12,"column":2},"end":{"line":12,"column":3}},"loc":{"start":{"line":12,"column":37},"end":{"line":14,"column":3}},"line":12},"3":{"name":"(anonymous_3)","decl":{"start":{"line":15,"column":2},"end":{"line":15,"column":3}},"loc":{"start":{"line":15,"column":22},"end":{"line":17,"column":3}},"line":15},"4":{"name":"(anonymous_4)","decl":{"start":{"line":19,"column":2},"end":{"line":19,"column":3}},"loc":{"start":{"line":19,"column":27},"end":{"line":23,"column":3}},"line":19},"5":{"name":"(anonymous_5)","decl":{"start":{"line":25,"column":2},"end":{"line":25,"column":3}},"loc":{"start":{"line":25,"column":25},"end":{"line":27,"column":3}},"line":25},"6":{"name":"(anonymous_6)","decl":{"start":{"line":29,"column":2},"end":{"line":29,"column":3}},"loc":{"start":{"line":29,"column":18},"end":{"line":32,"column":3}},"line":29},"7":{"name":"(anonymous_7)","decl":{"start":{"line":30,"column":32},"end":{"line":30,"column":33}},"loc":{"start":{"line":30,"column":42},"end":{"line":30,"column":47}},"line":30},"8":{"name":"(anonymous_8)","decl":{"start":{"line":31,"column":29},"end":{"line":31,"column":30}},"loc":{"start":{"line":31,"column":39},"end":{"line":31,"column":44}},"line":31},"9":{"name":"(anonymous_9)","decl":{"start":{"line":35,"column":2},"end":{"line":35,"column":3}},"loc":{"start":{"line":35,"column":16},"end":{"line":39,"column":3}},"line":35}},"branchMap":{"0":{"loc":{"start":{"line":5,"column":4},"end":{"line":6,"column":55}},"type":"if","locations":[{"start":{"line":5,"column":4},"end":{"line":6,"column":55}},{"start":{"line":6,"column":9},"end":{"line":6,"column":55}}],"line":5},"1":{"loc":{"start":{"line":6,"column":9},"end":{"line":6,"column":55}},"type":"if","locations":[{"start":{"line":6,"column":9},"end":{"line":6,"column":55}},{"start":{},"end":{}}],"line":6},"2":{"loc":{"start":{"line":9,"column":4},"end":{"line":9,"column":67}},"type":"cond-expr","locations":[{"start":{"line":9,"column":21},"end":{"line":9,"column":41}},{"start":{"line":9,"column":46},"end":{"line":9,"column":66}}],"line":9},"3":{"loc":{"start":{"line":13,"column":4},"end":{"line":13,"column":67}},"type":"if","locations":[{"start":{"line":13,"column":4},"end":{"line":13,"column":67}},{"start":{},"end":{}}],"line":13},"4":{"loc":{"start":{"line":26,"column":11},"end":{"line":26,"column":52}},"type":"binary-expr","locations":[{"start":{"line":26,"column":11},"end":{"line":26,"column":26}},{"start":{"line":26,"column":30},"end":{"line":26,"column":52}}],"line":26}},"s":{"0":81,"1":19,"2":62,"3":3,"4":81,"5":82,"6":1,"7":178,"8":82,"9":81,"10":81,"11":95,"12":243,"13":486,"14":243,"15":486,"16":98,"17":98,"18":98},"f":{"0":81,"1":81,"2":82,"3":178,"4":82,"5":95,"6":243,"7":486,"8":486,"9":98},"b":{"0":[19,62],"1":[3,59],"2":[21,60],"3":[1,81],"4":[95,59]},"_coverageSchema":"1a1c01bbd47fc00a2c39e90264f33305004495a9","hash":"385dd7a2d8c504f0efecd634baf4a76b65bfe9ee"}
}
