TN:
SF:index.ts
FN:3,(anonymous_0)
FN:19,(anonymous_1)
FN:27,(anonymous_2)
FN:49,(anonymous_3)
FN:54,(anonymous_4)
FNF:5
FNH:5
FNDA:7,(anonymous_0)
FNDA:68,(anonymous_1)
FNDA:24,(anonymous_2)
FNDA:68,(anonymous_3)
FNDA:9,(anonymous_4)
DA:4,7
DA:5,7
DA:6,70
DA:7,13
DA:9,57
DA:12,6
DA:16,9
DA:17,9
DA:20,68
DA:21,24
DA:22,24
DA:23,24
DA:28,24
DA:29,97
DA:30,97
DA:31,47
DA:32,50
DA:33,28
DA:35,28
DA:36,28
DA:39,0
DA:42,0
DA:44,22
DA:45,22
DA:50,68
DA:51,68
DA:55,9
DA:56,9
DA:57,90
DA:59,9
LF:30
LH:28
BRDA:6,0,0,13
BRDA:6,0,1,57
BRDA:20,1,0,24
BRDA:20,1,1,44
BRDA:30,2,0,47
BRDA:30,2,1,50
BRDA:32,3,0,28
BRDA:32,3,1,22
BRDA:35,4,0,28
BRDA:35,4,1,0
BRDA:44,5,0,22
BRDA:44,5,1,0
BRF:12
BRH:10
end_of_record
TN:
SF:Frame/index.ts
FN:4,(anonymous_0)
FN:8,(anonymous_1)
FN:12,(anonymous_2)
FN:15,(anonymous_3)
FN:19,(anonymous_4)
FN:25,(anonymous_5)
FN:29,(anonymous_6)
FN:30,(anonymous_7)
FN:31,(anonymous_8)
FN:35,(anonymous_9)
FNF:10
FNH:10
FNDA:81,(anonymous_0)
FNDA:81,(anonymous_1)
FNDA:82,(anonymous_2)
FNDA:178,(anonymous_3)
FNDA:82,(anonymous_4)
FNDA:95,(anonymous_5)
FNDA:243,(anonymous_6)
FNDA:486,(anonymous_7)
FNDA:486,(anonymous_8)
FNDA:98,(anonymous_9)
DA:5,81
DA:6,62
DA:9,81
DA:13,82
DA:16,178
DA:20,82
DA:21,81
DA:22,81
DA:26,95
DA:30,486
DA:31,486
DA:36,98
DA:37,98
DA:38,98
LF:14
LH:14
BRDA:5,0,0,19
BRDA:5,0,1,62
BRDA:6,1,0,3
BRDA:6,1,1,59
BRDA:9,2,0,21
BRDA:9,2,1,60
BRDA:13,3,0,1
BRDA:13,3,1,81
BRDA:26,4,0,95
BRDA:26,4,1,59
BRF:10
BRH:10
end_of_record
